2708 [restartedMain] INFO  com.example.task24.Application
                Ц Starting Application using Java 17.0.10 with PID 7944 (C:\Users\ ирилл\Desktop\javaV2\task24\build\classes\java\main started by  ирилл in C:\Users\ ирилл\Desktop\javaV2\task24)
2714 [restartedMain] INFO  com.example.task24.Application
                Ц No active profile set, falling back to 1 default profile: "default"
2880 [restartedMain] INFO  o.s.b.d.e.DevToolsPropertyDefaultsPostProcessor
                Ц Devtools property defaults active! Set 'spring.devtools.add-properties' to 'false' to disable
2884 [restartedMain] INFO  o.s.b.d.e.DevToolsPropertyDefaultsPostProcessor
                Ц For additional web related logging consider setting the 'logging.level.web' property to 'DEBUG'
4881 [restartedMain] INFO  o.s.d.r.c.RepositoryConfigurationDelegate
                Ц Bootstrapping Spring Data JPA repositories in DEFAULT mode.
5040 [restartedMain] INFO  o.s.d.r.c.RepositoryConfigurationDelegate
                Ц Finished Spring Data repository scanning in 135 ms. Found 3 JPA repository interfaces.
7028 [restartedMain] INFO  o.s.b.w.e.tomcat.TomcatWebServer
                Ц Tomcat initialized with port 8080 (http)
7048 [restartedMain] INFO  o.a.coyote.http11.Http11NioProtocol
                Ц Initializing ProtocolHandler ["http-nio-8080"]
7052 [restartedMain] INFO  o.a.catalina.core.StandardService
                Ц Starting service [Tomcat]
7053 [restartedMain] INFO  o.a.catalina.core.StandardEngine
                Ц Starting Servlet engine: [Apache Tomcat/10.1.24]
7178 [restartedMain] INFO  o.a.c.c.C.[Tomcat].[localhost].[/]
                Ц Initializing Spring embedded WebApplicationContext
7179 [restartedMain] INFO  o.s.b.w.s.c.ServletWebServerApplicationContext
                Ц Root WebApplicationContext: initialization completed in 4280 ms
7593 [restartedMain] INFO  com.zaxxer.hikari.HikariDataSource
                Ц HikariPool-1 - Starting...
8034 [restartedMain] INFO  com.zaxxer.hikari.pool.HikariPool
                Ц HikariPool-1 - Added connection org.postgresql.jdbc.PgConnection@544a26a2
8040 [restartedMain] INFO  com.zaxxer.hikari.HikariDataSource
                Ц HikariPool-1 - Start completed.
8159 [restartedMain] INFO  o.h.jpa.internal.util.LogHelper
                Ц HHH000204: Processing PersistenceUnitInfo [name: default]
8392 [restartedMain] INFO  org.hibernate.Version
                Ц HHH000412: Hibernate ORM core version 6.5.2.Final
8472 [restartedMain] INFO  o.h.c.i.RegionFactoryInitiator
                Ц HHH000026: Second-level cache disabled
9454 [restartedMain] INFO  o.s.o.j.p.SpringPersistenceUnitInfo
                Ц No LoadTimeWeaver setup: ignoring JPA class transformer
11894 [restartedMain] INFO  o.h.e.t.j.p.i.JtaPlatformInitiator
                Ц HHH000489: No JTA platform available (set 'hibernate.transaction.jta.platform' to enable JTA platform integration)
11989 [restartedMain] INFO  o.s.o.j.LocalContainerEntityManagerFactoryBean
                Ц Initialized JPA EntityManagerFactory for persistence unit 'default'
13097 [restartedMain] WARN  o.s.b.a.o.j.JpaBaseConfiguration$JpaWebConfiguration
                Ц spring.jpa.open-in-view is enabled by default. Therefore, database queries may be performed during view rendering. Explicitly configure spring.jpa.open-in-view to disable this warning
13190 [restartedMain] INFO  o.s.s.c.a.a.c.InitializeAuthenticationProviderBeanManagerConfigurer$InitializeAuthenticationProviderManagerConfigurer
                Ц Global AuthenticationManager configured with AuthenticationProvider bean with name authenticationProvider
13192 [restartedMain] WARN  o.s.s.c.a.a.c.InitializeUserDetailsBeanManagerConfigurer$InitializeUserDetailsManagerConfigurer
                Ц Global AuthenticationManager configured with an AuthenticationProvider bean. UserDetailsService beans will not be used for username/password login. Consider removing the AuthenticationProvider bean. Alternatively, consider using the UserDetailsService in a manually instantiated DaoAuthenticationProvider.
13363 [restartedMain] INFO  o.s.b.a.w.s.WelcomePageHandlerMapping
                Ц Adding welcome page template: index
13940 [restartedMain] INFO  o.s.s.w.DefaultSecurityFilterChain
                Ц Will secure any request with [org.springframework.security.web.session.DisableEncodeUrlFilter@6a96b49, org.springframework.security.web.context.request.async.WebAsyncManagerIntegrationFilter@580f752c, org.springframework.security.web.context.SecurityContextHolderFilter@15f1f790, org.springframework.security.web.header.HeaderWriterFilter@74c1879, org.springframework.web.filter.CorsFilter@7cabbcf5, org.springframework.security.web.authentication.logout.LogoutFilter@7dee671c, org.springframework.security.web.authentication.UsernamePasswordAuthenticationFilter@14929a, org.springframework.security.web.authentication.ui.DefaultLoginPageGeneratingFilter@9a3e0c0, org.springframework.security.web.authentication.ui.DefaultLogoutPageGeneratingFilter@6d03845d, org.springframework.security.web.savedrequest.RequestCacheAwareFilter@50c0f80e, org.springframework.security.web.servletapi.SecurityContextHolderAwareRequestFilter@14cd6c75, org.springframework.security.web.authentication.AnonymousAuthenticationFilter@203d5997, org.springframework.security.web.access.ExceptionTranslationFilter@1336b368, org.springframework.security.web.access.intercept.AuthorizationFilter@2c4e46c6]
14655 [restartedMain] INFO  o.s.b.d.a.OptionalLiveReloadServer
                Ц LiveReload server is running on port 35729
14694 [restartedMain] INFO  o.a.coyote.http11.Http11NioProtocol
                Ц Starting ProtocolHandler ["http-nio-8080"]
14749 [restartedMain] INFO  o.s.b.w.e.tomcat.TomcatWebServer
                Ц Tomcat started on port 8080 (http) with context path '/'
14784 [restartedMain] INFO  com.example.task24.Application
                Ц Started Application in 13.075 seconds (process running for 15.483)
1190 [restartedMain] INFO  com.example.task24.Application
                Ц Starting Application using Java 17.0.10 with PID 10632 (C:\Users\ ирилл\Desktop\javaV2\task24\build\classes\java\main started by  ирилл in C:\Users\ ирилл\Desktop\javaV2\task24)
1194 [restartedMain] INFO  com.example.task24.Application
                Ц No active profile set, falling back to 1 default profile: "default"
1264 [restartedMain] INFO  o.s.b.d.e.DevToolsPropertyDefaultsPostProcessor
                Ц Devtools property defaults active! Set 'spring.devtools.add-properties' to 'false' to disable
1264 [restartedMain] INFO  o.s.b.d.e.DevToolsPropertyDefaultsPostProcessor
                Ц For additional web related logging consider setting the 'logging.level.web' property to 'DEBUG'
2476 [restartedMain] INFO  o.s.d.r.c.RepositoryConfigurationDelegate
                Ц Bootstrapping Spring Data JPA repositories in DEFAULT mode.
2573 [restartedMain] INFO  o.s.d.r.c.RepositoryConfigurationDelegate
                Ц Finished Spring Data repository scanning in 87 ms. Found 3 JPA repository interfaces.
3937 [restartedMain] INFO  o.s.b.w.e.tomcat.TomcatWebServer
                Ц Tomcat initialized with port 8080 (http)
3953 [restartedMain] INFO  o.a.coyote.http11.Http11NioProtocol
                Ц Initializing ProtocolHandler ["http-nio-8080"]
3957 [restartedMain] INFO  o.a.catalina.core.StandardService
                Ц Starting service [Tomcat]
3957 [restartedMain] INFO  o.a.catalina.core.StandardEngine
                Ц Starting Servlet engine: [Apache Tomcat/10.1.24]
4041 [restartedMain] INFO  o.a.c.c.C.[Tomcat].[localhost].[/]
                Ц Initializing Spring embedded WebApplicationContext
4043 [restartedMain] INFO  o.s.b.w.s.c.ServletWebServerApplicationContext
                Ц Root WebApplicationContext: initialization completed in 2776 ms
4315 [restartedMain] INFO  com.zaxxer.hikari.HikariDataSource
                Ц HikariPool-1 - Starting...
4589 [restartedMain] INFO  com.zaxxer.hikari.pool.HikariPool
                Ц HikariPool-1 - Added connection org.postgresql.jdbc.PgConnection@6bedcf0d
4591 [restartedMain] INFO  com.zaxxer.hikari.HikariDataSource
                Ц HikariPool-1 - Start completed.
4672 [restartedMain] INFO  o.h.jpa.internal.util.LogHelper
                Ц HHH000204: Processing PersistenceUnitInfo [name: default]
4794 [restartedMain] INFO  org.hibernate.Version
                Ц HHH000412: Hibernate ORM core version 6.5.2.Final
4849 [restartedMain] INFO  o.h.c.i.RegionFactoryInitiator
                Ц HHH000026: Second-level cache disabled
5488 [restartedMain] INFO  o.s.o.j.p.SpringPersistenceUnitInfo
                Ц No LoadTimeWeaver setup: ignoring JPA class transformer
6793 [restartedMain] INFO  o.h.e.t.j.p.i.JtaPlatformInitiator
                Ц HHH000489: No JTA platform available (set 'hibernate.transaction.jta.platform' to enable JTA platform integration)
6841 [restartedMain] INFO  o.s.o.j.LocalContainerEntityManagerFactoryBean
                Ц Initialized JPA EntityManagerFactory for persistence unit 'default'
7560 [restartedMain] WARN  o.s.b.a.o.j.JpaBaseConfiguration$JpaWebConfiguration
                Ц spring.jpa.open-in-view is enabled by default. Therefore, database queries may be performed during view rendering. Explicitly configure spring.jpa.open-in-view to disable this warning
7619 [restartedMain] INFO  o.s.s.c.a.a.c.InitializeAuthenticationProviderBeanManagerConfigurer$InitializeAuthenticationProviderManagerConfigurer
                Ц Global AuthenticationManager configured with AuthenticationProvider bean with name authenticationProvider
7620 [restartedMain] WARN  o.s.s.c.a.a.c.InitializeUserDetailsBeanManagerConfigurer$InitializeUserDetailsManagerConfigurer
                Ц Global AuthenticationManager configured with an AuthenticationProvider bean. UserDetailsService beans will not be used for username/password login. Consider removing the AuthenticationProvider bean. Alternatively, consider using the UserDetailsService in a manually instantiated DaoAuthenticationProvider.
7733 [restartedMain] INFO  o.s.b.a.w.s.WelcomePageHandlerMapping
                Ц Adding welcome page template: index
8122 [restartedMain] INFO  o.s.s.w.DefaultSecurityFilterChain
                Ц Will secure any request with [org.springframework.security.web.session.DisableEncodeUrlFilter@29b0fa1f, org.springframework.security.web.context.request.async.WebAsyncManagerIntegrationFilter@eef28d4, org.springframework.security.web.context.SecurityContextHolderFilter@188db044, org.springframework.security.web.header.HeaderWriterFilter@5b86ff8a, org.springframework.web.filter.CorsFilter@65ba33b4, org.springframework.security.web.authentication.logout.LogoutFilter@342cacfe, org.springframework.security.web.authentication.UsernamePasswordAuthenticationFilter@1c5efc09, org.springframework.security.web.authentication.ui.DefaultLoginPageGeneratingFilter@15f1f790, org.springframework.security.web.authentication.ui.DefaultLogoutPageGeneratingFilter@414da762, org.springframework.security.web.savedrequest.RequestCacheAwareFilter@3a302ed1, org.springframework.security.web.servletapi.SecurityContextHolderAwareRequestFilter@1336b368, org.springframework.security.web.authentication.AnonymousAuthenticationFilter@6f83cd56, org.springframework.security.web.access.ExceptionTranslationFilter@d90b17c, org.springframework.security.web.access.intercept.AuthorizationFilter@1206bfd2]
8622 [restartedMain] INFO  o.s.b.d.a.OptionalLiveReloadServer
                Ц LiveReload server is running on port 35729
8639 [restartedMain] INFO  o.a.coyote.http11.Http11NioProtocol
                Ц Starting ProtocolHandler ["http-nio-8080"]
8667 [restartedMain] INFO  o.s.b.w.e.tomcat.TomcatWebServer
                Ц Tomcat started on port 8080 (http) with context path '/'
8684 [restartedMain] INFO  com.example.task24.Application
                Ц Started Application in 8.008 seconds (process running for 9.008)
523  [Test worker] INFO  o.s.t.c.s.AnnotationConfigContextLoaderUtils
                Ц Could not detect default configuration classes for test class [com.example.task24.Task24ApplicationTests]: Task24ApplicationTests does not declare any static, non-private, non-final, nested classes annotated with @Configuration.
668  [Test worker] INFO  o.s.b.t.c.SpringBootTestContextBootstrapper
                Ц Found @SpringBootConfiguration com.example.task24.Application for test class com.example.task24.Task24ApplicationTests
899  [Test worker] INFO  o.s.b.d.r.RestartApplicationListener
                Ц Restart disabled due to context in which it is running
1219 [Test worker] INFO  c.e.task24.Task24ApplicationTests
                Ц Starting Task24ApplicationTests using Java 20.0.2 with PID 15828 (started by  ирилл in C:\Users\ ирилл\Desktop\javaV2\task24)
1220 [Test worker] INFO  c.e.task24.Task24ApplicationTests
                Ц No active profile set, falling back to 1 default profile: "default"
2554 [Test worker] INFO  o.s.d.r.c.RepositoryConfigurationDelegate
                Ц Bootstrapping Spring Data JPA repositories in DEFAULT mode.
2650 [Test worker] INFO  o.s.d.r.c.RepositoryConfigurationDelegate
                Ц Finished Spring Data repository scanning in 82 ms. Found 3 JPA repository interfaces.
3724 [Test worker] INFO  com.zaxxer.hikari.HikariDataSource
                Ц HikariPool-1 - Starting...
4133 [Test worker] INFO  com.zaxxer.hikari.pool.HikariPool
                Ц HikariPool-1 - Added connection org.postgresql.jdbc.PgConnection@2864f887
4136 [Test worker] INFO  com.zaxxer.hikari.HikariDataSource
                Ц HikariPool-1 - Start completed.
4212 [Test worker] INFO  o.h.jpa.internal.util.LogHelper
                Ц HHH000204: Processing PersistenceUnitInfo [name: default]
4366 [Test worker] INFO  org.hibernate.Version
                Ц HHH000412: Hibernate ORM core version 6.5.2.Final
4451 [Test worker] INFO  o.h.c.i.RegionFactoryInitiator
                Ц HHH000026: Second-level cache disabled
5233 [Test worker] INFO  o.s.o.j.p.SpringPersistenceUnitInfo
                Ц No LoadTimeWeaver setup: ignoring JPA class transformer
6626 [Test worker] INFO  o.h.e.t.j.p.i.JtaPlatformInitiator
                Ц HHH000489: No JTA platform available (set 'hibernate.transaction.jta.platform' to enable JTA platform integration)
6701 [Test worker] INFO  o.s.o.j.LocalContainerEntityManagerFactoryBean
                Ц Initialized JPA EntityManagerFactory for persistence unit 'default'
7469 [Test worker] WARN  o.s.b.a.o.j.JpaBaseConfiguration$JpaWebConfiguration
                Ц spring.jpa.open-in-view is enabled by default. Therefore, database queries may be performed during view rendering. Explicitly configure spring.jpa.open-in-view to disable this warning
7535 [Test worker] INFO  o.s.s.c.a.a.c.InitializeAuthenticationProviderBeanManagerConfigurer$InitializeAuthenticationProviderManagerConfigurer
                Ц Global AuthenticationManager configured with AuthenticationProvider bean with name authenticationProvider
7536 [Test worker] WARN  o.s.s.c.a.a.c.InitializeUserDetailsBeanManagerConfigurer$InitializeUserDetailsManagerConfigurer
                Ц Global AuthenticationManager configured with an AuthenticationProvider bean. UserDetailsService beans will not be used for username/password login. Consider removing the AuthenticationProvider bean. Alternatively, consider using the UserDetailsService in a manually instantiated DaoAuthenticationProvider.
7679 [Test worker] INFO  o.s.b.a.w.s.WelcomePageHandlerMapping
                Ц Adding welcome page template: index
8161 [Test worker] INFO  o.s.s.w.DefaultSecurityFilterChain
                Ц Will secure any request with [org.springframework.security.web.session.DisableEncodeUrlFilter@16bbb59c, org.springframework.security.web.context.request.async.WebAsyncManagerIntegrationFilter@538fb761, org.springframework.security.web.context.SecurityContextHolderFilter@24b05292, org.springframework.security.web.header.HeaderWriterFilter@78fd1179, org.springframework.web.filter.CorsFilter@163cd4a6, org.springframework.security.web.authentication.logout.LogoutFilter@60515ab1, org.springframework.security.web.authentication.UsernamePasswordAuthenticationFilter@1b4bc7b9, org.springframework.security.web.authentication.ui.DefaultLoginPageGeneratingFilter@738ed8d3, org.springframework.security.web.authentication.ui.DefaultLogoutPageGeneratingFilter@1d0f03f6, org.springframework.security.web.savedrequest.RequestCacheAwareFilter@515a2afd, org.springframework.security.web.servletapi.SecurityContextHolderAwareRequestFilter@6e200307, org.springframework.security.web.authentication.AnonymousAuthenticationFilter@5653429e, org.springframework.security.web.access.ExceptionTranslationFilter@3b863b4, org.springframework.security.web.access.intercept.AuthorizationFilter@1cbb394b]
8880 [Test worker] INFO  c.e.task24.Task24ApplicationTests
                Ц Started Task24ApplicationTests in 7.997 seconds (process running for 12.214)
9694 [SpringApplicationShutdownHook] INFO  o.s.o.j.LocalContainerEntityManagerFactoryBean
                Ц Closing JPA EntityManagerFactory for persistence unit 'default'
9698 [SpringApplicationShutdownHook] INFO  com.zaxxer.hikari.HikariDataSource
                Ц HikariPool-1 - Shutdown initiated...
9704 [SpringApplicationShutdownHook] INFO  com.zaxxer.hikari.HikariDataSource
                Ц HikariPool-1 - Shutdown completed.
425  [Test worker] INFO  o.s.t.c.s.AnnotationConfigContextLoaderUtils
                Ц Could not detect default configuration classes for test class [com.example.task24.Task24ApplicationTests]: Task24ApplicationTests does not declare any static, non-private, non-final, nested classes annotated with @Configuration.
558  [Test worker] INFO  o.s.b.t.c.SpringBootTestContextBootstrapper
                Ц Found @SpringBootConfiguration com.example.task24.Application for test class com.example.task24.Task24ApplicationTests
765  [Test worker] INFO  o.s.b.d.r.RestartApplicationListener
                Ц Restart disabled due to context in which it is running
1060 [Test worker] INFO  c.e.task24.Task24ApplicationTests
                Ц Starting Task24ApplicationTests using Java 20.0.2 with PID 14208 (started by  ирилл in C:\Users\ ирилл\Desktop\javaV2\task24)
1062 [Test worker] INFO  c.e.task24.Task24ApplicationTests
                Ц No active profile set, falling back to 1 default profile: "default"
2158 [Test worker] INFO  o.s.d.r.c.RepositoryConfigurationDelegate
                Ц Bootstrapping Spring Data JPA repositories in DEFAULT mode.
2249 [Test worker] INFO  o.s.d.r.c.RepositoryConfigurationDelegate
                Ц Finished Spring Data repository scanning in 72 ms. Found 3 JPA repository interfaces.
3143 [Test worker] INFO  com.zaxxer.hikari.HikariDataSource
                Ц HikariPool-1 - Starting...
3435 [Test worker] INFO  com.zaxxer.hikari.pool.HikariPool
                Ц HikariPool-1 - Added connection org.postgresql.jdbc.PgConnection@600bbf9e
3437 [Test worker] INFO  com.zaxxer.hikari.HikariDataSource
                Ц HikariPool-1 - Start completed.
3509 [Test worker] INFO  o.h.jpa.internal.util.LogHelper
                Ц HHH000204: Processing PersistenceUnitInfo [name: default]
3632 [Test worker] INFO  org.hibernate.Version
                Ц HHH000412: Hibernate ORM core version 6.5.2.Final
3711 [Test worker] INFO  o.h.c.i.RegionFactoryInitiator
                Ц HHH000026: Second-level cache disabled
4282 [Test worker] INFO  o.s.o.j.p.SpringPersistenceUnitInfo
                Ц No LoadTimeWeaver setup: ignoring JPA class transformer
5573 [Test worker] INFO  o.h.e.t.j.p.i.JtaPlatformInitiator
                Ц HHH000489: No JTA platform available (set 'hibernate.transaction.jta.platform' to enable JTA platform integration)
5626 [Test worker] INFO  o.s.o.j.LocalContainerEntityManagerFactoryBean
                Ц Initialized JPA EntityManagerFactory for persistence unit 'default'
6292 [Test worker] WARN  o.s.b.a.o.j.JpaBaseConfiguration$JpaWebConfiguration
                Ц spring.jpa.open-in-view is enabled by default. Therefore, database queries may be performed during view rendering. Explicitly configure spring.jpa.open-in-view to disable this warning
6350 [Test worker] INFO  o.s.s.c.a.a.c.InitializeAuthenticationProviderBeanManagerConfigurer$InitializeAuthenticationProviderManagerConfigurer
                Ц Global AuthenticationManager configured with AuthenticationProvider bean with name authenticationProvider
6352 [Test worker] WARN  o.s.s.c.a.a.c.InitializeUserDetailsBeanManagerConfigurer$InitializeUserDetailsManagerConfigurer
                Ц Global AuthenticationManager configured with an AuthenticationProvider bean. UserDetailsService beans will not be used for username/password login. Consider removing the AuthenticationProvider bean. Alternatively, consider using the UserDetailsService in a manually instantiated DaoAuthenticationProvider.
6492 [Test worker] INFO  o.s.b.a.w.s.WelcomePageHandlerMapping
                Ц Adding welcome page template: index
6891 [Test worker] INFO  o.s.s.w.DefaultSecurityFilterChain
                Ц Will secure any request with [org.springframework.security.web.session.DisableEncodeUrlFilter@1cbb394b, org.springframework.security.web.context.request.async.WebAsyncManagerIntegrationFilter@1b4bc7b9, org.springframework.security.web.context.SecurityContextHolderFilter@78fd1179, org.springframework.security.web.header.HeaderWriterFilter@98c4a8b, org.springframework.web.filter.CorsFilter@12d33d7a, org.springframework.security.web.authentication.logout.LogoutFilter@31a9eaa, org.springframework.security.web.authentication.UsernamePasswordAuthenticationFilter@36d7e8d2, org.springframework.security.web.authentication.ui.DefaultLoginPageGeneratingFilter@6db59e26, org.springframework.security.web.authentication.ui.DefaultLogoutPageGeneratingFilter@16bbb59c, org.springframework.security.web.savedrequest.RequestCacheAwareFilter@5e08ed28, org.springframework.security.web.servletapi.SecurityContextHolderAwareRequestFilter@34d6e9a4, org.springframework.security.web.authentication.AnonymousAuthenticationFilter@538fb761, org.springframework.security.web.access.ExceptionTranslationFilter@60b8c05c, org.springframework.security.web.access.intercept.AuthorizationFilter@20e4e27f]
7498 [Test worker] INFO  c.e.task24.Task24ApplicationTests
                Ц Started Task24ApplicationTests in 6.747 seconds (process running for 8.558)
8188 [SpringApplicationShutdownHook] INFO  o.s.o.j.LocalContainerEntityManagerFactoryBean
                Ц Closing JPA EntityManagerFactory for persistence unit 'default'
8190 [SpringApplicationShutdownHook] INFO  com.zaxxer.hikari.HikariDataSource
                Ц HikariPool-1 - Shutdown initiated...
8196 [SpringApplicationShutdownHook] INFO  com.zaxxer.hikari.HikariDataSource
                Ц HikariPool-1 - Shutdown completed.
435  [Test worker] INFO  c.e.task24.services.ItemService
                Ц Item created
442  [Test worker] INFO  c.e.task24.services.ItemService
                Ц Item created
444  [Test worker] INFO  c.e.task24.services.ItemService
                Ц Item created
425  [Test worker] INFO  c.e.task24.services.ItemService
                Ц Item created
415  [Test worker] INFO  c.e.task24.services.ItemService
                Ц Item created
470  [Test worker] INFO  c.e.task24.services.ItemService
                Ц Item created
412  [Test worker] INFO  o.s.t.c.s.AnnotationConfigContextLoaderUtils
                Ц Could not detect default configuration classes for test class [com.example.task24.Task24ApplicationTests]: Task24ApplicationTests does not declare any static, non-private, non-final, nested classes annotated with @Configuration.
563  [Test worker] INFO  o.s.b.t.c.SpringBootTestContextBootstrapper
                Ц Found @SpringBootConfiguration com.example.task24.Application for test class com.example.task24.Task24ApplicationTests
807  [Test worker] INFO  o.s.b.d.r.RestartApplicationListener
                Ц Restart disabled due to context in which it is running
1157 [Test worker] INFO  c.e.task24.Task24ApplicationTests
                Ц Starting Task24ApplicationTests using Java 20.0.2 with PID 16072 (started by  ирилл in C:\Users\ ирилл\Desktop\javaV2\task24)
1160 [Test worker] INFO  c.e.task24.Task24ApplicationTests
                Ц No active profile set, falling back to 1 default profile: "default"
2386 [Test worker] INFO  o.s.d.r.c.RepositoryConfigurationDelegate
                Ц Bootstrapping Spring Data JPA repositories in DEFAULT mode.
2469 [Test worker] INFO  o.s.d.r.c.RepositoryConfigurationDelegate
                Ц Finished Spring Data repository scanning in 70 ms. Found 3 JPA repository interfaces.
3415 [Test worker] INFO  com.zaxxer.hikari.HikariDataSource
                Ц HikariPool-1 - Starting...
3732 [Test worker] INFO  com.zaxxer.hikari.pool.HikariPool
                Ц HikariPool-1 - Added connection org.postgresql.jdbc.PgConnection@18d30e7
3735 [Test worker] INFO  com.zaxxer.hikari.HikariDataSource
                Ц HikariPool-1 - Start completed.
3828 [Test worker] INFO  o.h.jpa.internal.util.LogHelper
                Ц HHH000204: Processing PersistenceUnitInfo [name: default]
3971 [Test worker] INFO  org.hibernate.Version
                Ц HHH000412: Hibernate ORM core version 6.5.2.Final
4053 [Test worker] INFO  o.h.c.i.RegionFactoryInitiator
                Ц HHH000026: Second-level cache disabled
4873 [Test worker] INFO  o.s.o.j.p.SpringPersistenceUnitInfo
                Ц No LoadTimeWeaver setup: ignoring JPA class transformer
6199 [Test worker] INFO  o.h.e.t.j.p.i.JtaPlatformInitiator
                Ц HHH000489: No JTA platform available (set 'hibernate.transaction.jta.platform' to enable JTA platform integration)
6261 [Test worker] INFO  o.s.o.j.LocalContainerEntityManagerFactoryBean
                Ц Initialized JPA EntityManagerFactory for persistence unit 'default'
6928 [Test worker] WARN  o.s.b.a.o.j.JpaBaseConfiguration$JpaWebConfiguration
                Ц spring.jpa.open-in-view is enabled by default. Therefore, database queries may be performed during view rendering. Explicitly configure spring.jpa.open-in-view to disable this warning
6982 [Test worker] INFO  o.s.s.c.a.a.c.InitializeAuthenticationProviderBeanManagerConfigurer$InitializeAuthenticationProviderManagerConfigurer
                Ц Global AuthenticationManager configured with AuthenticationProvider bean with name authenticationProvider
6984 [Test worker] WARN  o.s.s.c.a.a.c.InitializeUserDetailsBeanManagerConfigurer$InitializeUserDetailsManagerConfigurer
                Ц Global AuthenticationManager configured with an AuthenticationProvider bean. UserDetailsService beans will not be used for username/password login. Consider removing the AuthenticationProvider bean. Alternatively, consider using the UserDetailsService in a manually instantiated DaoAuthenticationProvider.
7131 [Test worker] INFO  o.s.b.a.w.s.WelcomePageHandlerMapping
                Ц Adding welcome page template: index
7535 [Test worker] INFO  o.s.s.w.DefaultSecurityFilterChain
                Ц Will secure any request with [org.springframework.security.web.session.DisableEncodeUrlFilter@5653429e, org.springframework.security.web.context.request.async.WebAsyncManagerIntegrationFilter@78c9c38a, org.springframework.security.web.context.SecurityContextHolderFilter@6e200307, org.springframework.security.web.header.HeaderWriterFilter@24b05292, org.springframework.web.filter.CorsFilter@8a0a1d1, org.springframework.security.web.authentication.logout.LogoutFilter@53b60595, org.springframework.security.web.authentication.UsernamePasswordAuthenticationFilter@163cd4a6, org.springframework.security.web.authentication.ui.DefaultLoginPageGeneratingFilter@69e58566, org.springframework.security.web.authentication.ui.DefaultLogoutPageGeneratingFilter@6dd50380, org.springframework.security.web.savedrequest.RequestCacheAwareFilter@6db59e26, org.springframework.security.web.servletapi.SecurityContextHolderAwareRequestFilter@5c7c22ce, org.springframework.security.web.authentication.AnonymousAuthenticationFilter@215efb16, org.springframework.security.web.access.ExceptionTranslationFilter@4b02dc4e, org.springframework.security.web.access.intercept.AuthorizationFilter@538fb761]
8085 [Test worker] INFO  c.e.task24.Task24ApplicationTests
                Ц Started Task24ApplicationTests in 7.294 seconds (process running for 9.153)
8517 [scheduling-1] INFO  c.e.task24.services.ItemService
                Ц Read all Items
8779 [scheduling-1] ERROR c.e.t.services.SchedulingService
                Ц IOException
8780 [scheduling-1] ERROR o.s.s.s.TaskUtils$LoggingErrorHandler
                Ц Unexpected error occurred in scheduled task
java.lang.RuntimeException: java.io.FileNotFoundException: backup\items.txt (—истеме не удаетс€ найти указанный путь)
	at com.example.task24.services.SchedulingService.writeItems(SchedulingService.java:39)
	at com.example.task24.services.SchedulingService.makeBackup(SchedulingService.java:64)
	at java.base/jdk.internal.reflect.DirectMethodHandleAccessor.invoke(DirectMethodHandleAccessor.java:104)
	at java.base/java.lang.reflect.Method.invoke(Method.java:578)
	at org.springframework.scheduling.support.ScheduledMethodRunnable.runInternal(ScheduledMethodRunnable.java:130)
	at org.springframework.scheduling.support.ScheduledMethodRunnable.lambda$run$2(ScheduledMethodRunnable.java:124)
	at io.micrometer.observation.Observation.observe(Observation.java:499)
	at org.springframework.scheduling.support.ScheduledMethodRunnable.run(ScheduledMethodRunnable.java:124)
	at org.springframework.scheduling.support.DelegatingErrorHandlingRunnable.run(DelegatingErrorHandlingRunnable.java:54)
	at org.springframework.scheduling.concurrent.ReschedulingRunnable.run(ReschedulingRunnable.java:96)
	at java.base/java.util.concurrent.Executors$RunnableAdapter.call(Executors.java:577)
	at java.base/java.util.concurrent.FutureTask.run(FutureTask.java:317)
	at java.base/java.util.concurrent.ScheduledThreadPoolExecutor$ScheduledFutureTask.run(ScheduledThreadPoolExecutor.java:304)
	at java.base/java.util.concurrent.ThreadPoolExecutor.runWorker(ThreadPoolExecutor.java:1144)
	at java.base/java.util.concurrent.ThreadPoolExecutor$Worker.run(ThreadPoolExecutor.java:642)
	at java.base/java.lang.Thread.run(Thread.java:1623)
Caused by: java.io.FileNotFoundException: backup\items.txt (—истеме не удаетс€ найти указанный путь)
	at java.base/java.io.RandomAccessFile.open0(Native Method)
	at java.base/java.io.RandomAccessFile.open(RandomAccessFile.java:346)
	at java.base/java.io.RandomAccessFile.<init>(RandomAccessFile.java:260)
	at java.base/java.io.RandomAccessFile.<init>(RandomAccessFile.java:214)
	at java.base/java.io.RandomAccessFile.<init>(RandomAccessFile.java:128)
	at com.example.task24.services.SchedulingService.writeItems(SchedulingService.java:25)
	... 15 common frames omitted
8785 [SpringApplicationShutdownHook] INFO  o.s.o.j.LocalContainerEntityManagerFactoryBean
                Ц Closing JPA EntityManagerFactory for persistence unit 'default'
8787 [SpringApplicationShutdownHook] INFO  com.zaxxer.hikari.HikariDataSource
                Ц HikariPool-1 - Shutdown initiated...
8794 [SpringApplicationShutdownHook] INFO  com.zaxxer.hikari.HikariDataSource
                Ц HikariPool-1 - Shutdown completed.
1474 [restartedMain] INFO  com.example.task24.Application
                Ц Starting Application using Java 17.0.10 with PID 16036 (C:\Users\ ирилл\Desktop\javaV2\task24\build\classes\java\main started by  ирилл in C:\Users\ ирилл\Desktop\javaV2\task24)
1477 [restartedMain] INFO  com.example.task24.Application
                Ц No active profile set, falling back to 1 default profile: "default"
1571 [restartedMain] INFO  o.s.b.d.e.DevToolsPropertyDefaultsPostProcessor
                Ц Devtools property defaults active! Set 'spring.devtools.add-properties' to 'false' to disable
1571 [restartedMain] INFO  o.s.b.d.e.DevToolsPropertyDefaultsPostProcessor
                Ц For additional web related logging consider setting the 'logging.level.web' property to 'DEBUG'
3185 [restartedMain] INFO  o.s.d.r.c.RepositoryConfigurationDelegate
                Ц Bootstrapping Spring Data JPA repositories in DEFAULT mode.
3298 [restartedMain] INFO  o.s.d.r.c.RepositoryConfigurationDelegate
                Ц Finished Spring Data repository scanning in 101 ms. Found 3 JPA repository interfaces.
4705 [restartedMain] INFO  o.s.b.w.e.tomcat.TomcatWebServer
                Ц Tomcat initialized with port 8080 (http)
4725 [restartedMain] INFO  o.a.coyote.http11.Http11NioProtocol
                Ц Initializing ProtocolHandler ["http-nio-8080"]
4729 [restartedMain] INFO  o.a.catalina.core.StandardService
                Ц Starting service [Tomcat]
4730 [restartedMain] INFO  o.a.catalina.core.StandardEngine
                Ц Starting Servlet engine: [Apache Tomcat/10.1.24]
4830 [restartedMain] INFO  o.a.c.c.C.[Tomcat].[localhost].[/]
                Ц Initializing Spring embedded WebApplicationContext
4831 [restartedMain] INFO  o.s.b.w.s.c.ServletWebServerApplicationContext
                Ц Root WebApplicationContext: initialization completed in 3258 ms
5161 [restartedMain] INFO  com.zaxxer.hikari.HikariDataSource
                Ц HikariPool-1 - Starting...
5465 [restartedMain] INFO  com.zaxxer.hikari.pool.HikariPool
                Ц HikariPool-1 - Added connection org.postgresql.jdbc.PgConnection@71af4c6c
5467 [restartedMain] INFO  com.zaxxer.hikari.HikariDataSource
                Ц HikariPool-1 - Start completed.
5547 [restartedMain] INFO  o.h.jpa.internal.util.LogHelper
                Ц HHH000204: Processing PersistenceUnitInfo [name: default]
5660 [restartedMain] INFO  org.hibernate.Version
                Ц HHH000412: Hibernate ORM core version 6.5.2.Final
5744 [restartedMain] INFO  o.h.c.i.RegionFactoryInitiator
                Ц HHH000026: Second-level cache disabled
6387 [restartedMain] INFO  o.s.o.j.p.SpringPersistenceUnitInfo
                Ц No LoadTimeWeaver setup: ignoring JPA class transformer
7679 [restartedMain] INFO  o.h.e.t.j.p.i.JtaPlatformInitiator
                Ц HHH000489: No JTA platform available (set 'hibernate.transaction.jta.platform' to enable JTA platform integration)
7727 [restartedMain] INFO  o.s.o.j.LocalContainerEntityManagerFactoryBean
                Ц Initialized JPA EntityManagerFactory for persistence unit 'default'
8388 [restartedMain] WARN  o.s.b.a.o.j.JpaBaseConfiguration$JpaWebConfiguration
                Ц spring.jpa.open-in-view is enabled by default. Therefore, database queries may be performed during view rendering. Explicitly configure spring.jpa.open-in-view to disable this warning
8448 [restartedMain] INFO  o.s.s.c.a.a.c.InitializeAuthenticationProviderBeanManagerConfigurer$InitializeAuthenticationProviderManagerConfigurer
                Ц Global AuthenticationManager configured with AuthenticationProvider bean with name authenticationProvider
8449 [restartedMain] WARN  o.s.s.c.a.a.c.InitializeUserDetailsBeanManagerConfigurer$InitializeUserDetailsManagerConfigurer
                Ц Global AuthenticationManager configured with an AuthenticationProvider bean. UserDetailsService beans will not be used for username/password login. Consider removing the AuthenticationProvider bean. Alternatively, consider using the UserDetailsService in a manually instantiated DaoAuthenticationProvider.
8592 [restartedMain] INFO  o.s.b.a.w.s.WelcomePageHandlerMapping
                Ц Adding welcome page template: index
9034 [restartedMain] INFO  o.s.s.w.DefaultSecurityFilterChain
                Ц Will secure any request with [org.springframework.security.web.session.DisableEncodeUrlFilter@56f51aa3, org.springframework.security.web.context.request.async.WebAsyncManagerIntegrationFilter@52cbbfe8, org.springframework.security.web.context.SecurityContextHolderFilter@33679afc, org.springframework.security.web.header.HeaderWriterFilter@68b51a62, org.springframework.web.filter.CorsFilter@67a6f233, org.springframework.security.web.authentication.logout.LogoutFilter@845fed, org.springframework.security.web.authentication.UsernamePasswordAuthenticationFilter@32e0e70d, org.springframework.security.web.authentication.ui.DefaultLoginPageGeneratingFilter@526357ca, org.springframework.security.web.authentication.ui.DefaultLogoutPageGeneratingFilter@152e0b43, org.springframework.security.web.savedrequest.RequestCacheAwareFilter@10e8d0e2, org.springframework.security.web.servletapi.SecurityContextHolderAwareRequestFilter@79b44134, org.springframework.security.web.authentication.AnonymousAuthenticationFilter@6bf02b47, org.springframework.security.web.access.ExceptionTranslationFilter@192a7326, org.springframework.security.web.access.intercept.AuthorizationFilter@34161580]
9560 [restartedMain] INFO  o.s.b.d.a.OptionalLiveReloadServer
                Ц LiveReload server is running on port 35729
9585 [restartedMain] INFO  o.a.coyote.http11.Http11NioProtocol
                Ц Starting ProtocolHandler ["http-nio-8080"]
9619 [restartedMain] INFO  o.s.b.w.e.tomcat.TomcatWebServer
                Ц Tomcat started on port 8080 (http) with context path '/'
9640 [restartedMain] INFO  com.example.task24.Application
                Ц Started Application in 8.745 seconds (process running for 10.029)
28776 [scheduling-1] INFO  c.e.task24.services.ItemService
                Ц Read all Items
28951 [scheduling-1] ERROR c.e.t.services.SchedulingService
                Ц IOException
28952 [scheduling-1] ERROR o.s.s.s.TaskUtils$LoggingErrorHandler
                Ц Unexpected error occurred in scheduled task
java.lang.RuntimeException: java.io.FileNotFoundException: backup\items.txt (—истеме не удаетс€ найти указанный путь)
	at com.example.task24.services.SchedulingService.writeItems(SchedulingService.java:39)
	at com.example.task24.services.SchedulingService.makeBackup(SchedulingService.java:64)
	at java.base/jdk.internal.reflect.NativeMethodAccessorImpl.invoke0(Native Method)
	at java.base/jdk.internal.reflect.NativeMethodAccessorImpl.invoke(NativeMethodAccessorImpl.java:77)
	at java.base/jdk.internal.reflect.DelegatingMethodAccessorImpl.invoke(DelegatingMethodAccessorImpl.java:43)
	at java.base/java.lang.reflect.Method.invoke(Method.java:568)
	at org.springframework.scheduling.support.ScheduledMethodRunnable.runInternal(ScheduledMethodRunnable.java:130)
	at org.springframework.scheduling.support.ScheduledMethodRunnable.lambda$run$2(ScheduledMethodRunnable.java:124)
	at io.micrometer.observation.Observation.observe(Observation.java:499)
	at org.springframework.scheduling.support.ScheduledMethodRunnable.run(ScheduledMethodRunnable.java:124)
	at org.springframework.scheduling.support.DelegatingErrorHandlingRunnable.run(DelegatingErrorHandlingRunnable.java:54)
	at org.springframework.scheduling.concurrent.ReschedulingRunnable.run(ReschedulingRunnable.java:96)
	at java.base/java.util.concurrent.Executors$RunnableAdapter.call(Executors.java:539)
	at java.base/java.util.concurrent.FutureTask.run(FutureTask.java:264)
	at java.base/java.util.concurrent.ScheduledThreadPoolExecutor$ScheduledFutureTask.run(ScheduledThreadPoolExecutor.java:304)
	at java.base/java.util.concurrent.ThreadPoolExecutor.runWorker(ThreadPoolExecutor.java:1136)
	at java.base/java.util.concurrent.ThreadPoolExecutor$Worker.run(ThreadPoolExecutor.java:635)
	at java.base/java.lang.Thread.run(Thread.java:840)
Caused by: java.io.FileNotFoundException: backup\items.txt (—истеме не удаетс€ найти указанный путь)
	at java.base/java.io.RandomAccessFile.open0(Native Method)
	at java.base/java.io.RandomAccessFile.open(RandomAccessFile.java:344)
	at java.base/java.io.RandomAccessFile.<init>(RandomAccessFile.java:259)
	at java.base/java.io.RandomAccessFile.<init>(RandomAccessFile.java:213)
	at java.base/java.io.RandomAccessFile.<init>(RandomAccessFile.java:127)
	at com.example.task24.services.SchedulingService.writeItems(SchedulingService.java:25)
	... 17 common frames omitted
1235 [restartedMain] INFO  com.example.task24.Application
                Ц Starting Application using Java 17.0.10 with PID 3112 (C:\Users\ ирилл\Desktop\javaV2\task24\build\classes\java\main started by  ирилл in C:\Users\ ирилл\Desktop\javaV2\task24)
1239 [restartedMain] INFO  com.example.task24.Application
                Ц No active profile set, falling back to 1 default profile: "default"
1339 [restartedMain] INFO  o.s.b.d.e.DevToolsPropertyDefaultsPostProcessor
                Ц Devtools property defaults active! Set 'spring.devtools.add-properties' to 'false' to disable
1340 [restartedMain] INFO  o.s.b.d.e.DevToolsPropertyDefaultsPostProcessor
                Ц For additional web related logging consider setting the 'logging.level.web' property to 'DEBUG'
2782 [restartedMain] INFO  o.s.d.r.c.RepositoryConfigurationDelegate
                Ц Bootstrapping Spring Data JPA repositories in DEFAULT mode.
2893 [restartedMain] INFO  o.s.d.r.c.RepositoryConfigurationDelegate
                Ц Finished Spring Data repository scanning in 99 ms. Found 3 JPA repository interfaces.
4318 [restartedMain] INFO  o.s.b.w.e.tomcat.TomcatWebServer
                Ц Tomcat initialized with port 8080 (http)
4341 [restartedMain] INFO  o.a.coyote.http11.Http11NioProtocol
                Ц Initializing ProtocolHandler ["http-nio-8080"]
4346 [restartedMain] INFO  o.a.catalina.core.StandardService
                Ц Starting service [Tomcat]
4346 [restartedMain] INFO  o.a.catalina.core.StandardEngine
                Ц Starting Servlet engine: [Apache Tomcat/10.1.24]
4468 [restartedMain] INFO  o.a.c.c.C.[Tomcat].[localhost].[/]
                Ц Initializing Spring embedded WebApplicationContext
4468 [restartedMain] INFO  o.s.b.w.s.c.ServletWebServerApplicationContext
                Ц Root WebApplicationContext: initialization completed in 3127 ms
4746 [restartedMain] INFO  com.zaxxer.hikari.HikariDataSource
                Ц HikariPool-1 - Starting...
5017 [restartedMain] INFO  com.zaxxer.hikari.pool.HikariPool
                Ц HikariPool-1 - Added connection org.postgresql.jdbc.PgConnection@44d87107
5019 [restartedMain] INFO  com.zaxxer.hikari.HikariDataSource
                Ц HikariPool-1 - Start completed.
5113 [restartedMain] INFO  o.h.jpa.internal.util.LogHelper
                Ц HHH000204: Processing PersistenceUnitInfo [name: default]
5210 [restartedMain] INFO  org.hibernate.Version
                Ц HHH000412: Hibernate ORM core version 6.5.2.Final
5268 [restartedMain] INFO  o.h.c.i.RegionFactoryInitiator
                Ц HHH000026: Second-level cache disabled
5871 [restartedMain] INFO  o.s.o.j.p.SpringPersistenceUnitInfo
                Ц No LoadTimeWeaver setup: ignoring JPA class transformer
7198 [restartedMain] INFO  o.h.e.t.j.p.i.JtaPlatformInitiator
                Ц HHH000489: No JTA platform available (set 'hibernate.transaction.jta.platform' to enable JTA platform integration)
7246 [restartedMain] INFO  o.s.o.j.LocalContainerEntityManagerFactoryBean
                Ц Initialized JPA EntityManagerFactory for persistence unit 'default'
7959 [restartedMain] WARN  o.s.b.a.o.j.JpaBaseConfiguration$JpaWebConfiguration
                Ц spring.jpa.open-in-view is enabled by default. Therefore, database queries may be performed during view rendering. Explicitly configure spring.jpa.open-in-view to disable this warning
8015 [restartedMain] INFO  o.s.s.c.a.a.c.InitializeAuthenticationProviderBeanManagerConfigurer$InitializeAuthenticationProviderManagerConfigurer
                Ц Global AuthenticationManager configured with AuthenticationProvider bean with name authenticationProvider
8016 [restartedMain] WARN  o.s.s.c.a.a.c.InitializeUserDetailsBeanManagerConfigurer$InitializeUserDetailsManagerConfigurer
                Ц Global AuthenticationManager configured with an AuthenticationProvider bean. UserDetailsService beans will not be used for username/password login. Consider removing the AuthenticationProvider bean. Alternatively, consider using the UserDetailsService in a manually instantiated DaoAuthenticationProvider.
8139 [restartedMain] INFO  o.s.b.a.w.s.WelcomePageHandlerMapping
                Ц Adding welcome page template: index
8502 [restartedMain] INFO  o.s.s.w.DefaultSecurityFilterChain
                Ц Will secure any request with [org.springframework.security.web.session.DisableEncodeUrlFilter@2d11d42a, org.springframework.security.web.context.request.async.WebAsyncManagerIntegrationFilter@7001562c, org.springframework.security.web.context.SecurityContextHolderFilter@7a3a17f8, org.springframework.security.web.header.HeaderWriterFilter@4ee547f1, org.springframework.web.filter.CorsFilter@7c145751, org.springframework.security.web.authentication.logout.LogoutFilter@3eed9d10, org.springframework.security.web.authentication.UsernamePasswordAuthenticationFilter@5aeade7b, org.springframework.security.web.authentication.ui.DefaultLoginPageGeneratingFilter@1babe811, org.springframework.security.web.authentication.ui.DefaultLogoutPageGeneratingFilter@1d82083f, org.springframework.security.web.savedrequest.RequestCacheAwareFilter@143702ef, org.springframework.security.web.servletapi.SecurityContextHolderAwareRequestFilter@782a85c6, org.springframework.security.web.authentication.AnonymousAuthenticationFilter@3e113f21, org.springframework.security.web.access.ExceptionTranslationFilter@3960be46, org.springframework.security.web.access.intercept.AuthorizationFilter@2c1e2a7e]
8949 [restartedMain] INFO  o.s.b.d.a.OptionalLiveReloadServer
                Ц LiveReload server is running on port 35729
8973 [restartedMain] INFO  o.a.coyote.http11.Http11NioProtocol
                Ц Starting ProtocolHandler ["http-nio-8080"]
9001 [restartedMain] INFO  o.s.b.w.e.tomcat.TomcatWebServer
                Ц Tomcat started on port 8080 (http) with context path '/'
9033 [restartedMain] INFO  com.example.task24.Application
                Ц Started Application in 8.408 seconds (process running for 9.402)
19817 [scheduling-1] INFO  c.e.task24.services.ItemService
                Ц Read all Items
19958 [scheduling-1] INFO  c.e.t.services.SchedulingService
                Ц write items
19958 [scheduling-1] INFO  c.e.task24.services.OrderService
                Ц Find all orders
19963 [scheduling-1] INFO  c.e.t.services.SchedulingService
                Ц write orders
39791 [scheduling-1] INFO  c.e.task24.services.ItemService
                Ц Read all Items
39796 [scheduling-1] INFO  c.e.t.services.SchedulingService
                Ц write items
39796 [scheduling-1] INFO  c.e.task24.services.OrderService
                Ц Find all orders
39798 [scheduling-1] INFO  c.e.t.services.SchedulingService
                Ц write orders
469  [Test worker] INFO  o.s.t.c.s.AnnotationConfigContextLoaderUtils
                Ц Could not detect default configuration classes for test class [com.example.task24.Task24ApplicationTests]: Task24ApplicationTests does not declare any static, non-private, non-final, nested classes annotated with @Configuration.
621  [Test worker] INFO  o.s.b.t.c.SpringBootTestContextBootstrapper
                Ц Found @SpringBootConfiguration com.example.task24.Application for test class com.example.task24.Task24ApplicationTests
855  [Test worker] INFO  o.s.b.d.r.RestartApplicationListener
                Ц Restart disabled due to context in which it is running
1173 [Test worker] INFO  c.e.task24.Task24ApplicationTests
                Ц Starting Task24ApplicationTests using Java 20.0.2 with PID 18392 (started by  ирилл in C:\Users\ ирилл\Desktop\javaV2\task24)
1175 [Test worker] INFO  c.e.task24.Task24ApplicationTests
                Ц No active profile set, falling back to 1 default profile: "default"
2382 [Test worker] INFO  o.s.d.r.c.RepositoryConfigurationDelegate
                Ц Bootstrapping Spring Data JPA repositories in DEFAULT mode.
2460 [Test worker] INFO  o.s.d.r.c.RepositoryConfigurationDelegate
                Ц Finished Spring Data repository scanning in 64 ms. Found 3 JPA repository interfaces.
3388 [Test worker] INFO  com.zaxxer.hikari.HikariDataSource
                Ц HikariPool-1 - Starting...
3713 [Test worker] INFO  com.zaxxer.hikari.pool.HikariPool
                Ц HikariPool-1 - Added connection org.postgresql.jdbc.PgConnection@c497a55
3715 [Test worker] INFO  com.zaxxer.hikari.HikariDataSource
                Ц HikariPool-1 - Start completed.
3782 [Test worker] INFO  o.h.jpa.internal.util.LogHelper
                Ц HHH000204: Processing PersistenceUnitInfo [name: default]
3903 [Test worker] INFO  org.hibernate.Version
                Ц HHH000412: Hibernate ORM core version 6.5.2.Final
3973 [Test worker] INFO  o.h.c.i.RegionFactoryInitiator
                Ц HHH000026: Second-level cache disabled
4597 [Test worker] INFO  o.s.o.j.p.SpringPersistenceUnitInfo
                Ц No LoadTimeWeaver setup: ignoring JPA class transformer
5812 [Test worker] INFO  o.h.e.t.j.p.i.JtaPlatformInitiator
                Ц HHH000489: No JTA platform available (set 'hibernate.transaction.jta.platform' to enable JTA platform integration)
5860 [Test worker] INFO  o.s.o.j.LocalContainerEntityManagerFactoryBean
                Ц Initialized JPA EntityManagerFactory for persistence unit 'default'
6514 [Test worker] WARN  o.s.b.a.o.j.JpaBaseConfiguration$JpaWebConfiguration
                Ц spring.jpa.open-in-view is enabled by default. Therefore, database queries may be performed during view rendering. Explicitly configure spring.jpa.open-in-view to disable this warning
6570 [Test worker] INFO  o.s.s.c.a.a.c.InitializeAuthenticationProviderBeanManagerConfigurer$InitializeAuthenticationProviderManagerConfigurer
                Ц Global AuthenticationManager configured with AuthenticationProvider bean with name authenticationProvider
6571 [Test worker] WARN  o.s.s.c.a.a.c.InitializeUserDetailsBeanManagerConfigurer$InitializeUserDetailsManagerConfigurer
                Ц Global AuthenticationManager configured with an AuthenticationProvider bean. UserDetailsService beans will not be used for username/password login. Consider removing the AuthenticationProvider bean. Alternatively, consider using the UserDetailsService in a manually instantiated DaoAuthenticationProvider.
6684 [Test worker] INFO  o.s.b.a.w.s.WelcomePageHandlerMapping
                Ц Adding welcome page template: index
7049 [Test worker] INFO  o.s.s.w.DefaultSecurityFilterChain
                Ц Will secure any request with [org.springframework.security.web.session.DisableEncodeUrlFilter@2f9d47a3, org.springframework.security.web.context.request.async.WebAsyncManagerIntegrationFilter@7d7d7b1a, org.springframework.security.web.context.SecurityContextHolderFilter@2524f9bf, org.springframework.security.web.header.HeaderWriterFilter@62d72091, org.springframework.web.filter.CorsFilter@67836d4, org.springframework.security.web.authentication.logout.LogoutFilter@611ffa8d, org.springframework.security.web.authentication.UsernamePasswordAuthenticationFilter@395854dd, org.springframework.security.web.authentication.ui.DefaultLoginPageGeneratingFilter@5e08ed28, org.springframework.security.web.authentication.ui.DefaultLogoutPageGeneratingFilter@65011123, org.springframework.security.web.savedrequest.RequestCacheAwareFilter@4b02dc4e, org.springframework.security.web.servletapi.SecurityContextHolderAwareRequestFilter@98c4a8b, org.springframework.security.web.authentication.AnonymousAuthenticationFilter@20e4e27f, org.springframework.security.web.access.ExceptionTranslationFilter@7d619bcb, org.springframework.security.web.access.intercept.AuthorizationFilter@16a89351]
7627 [Test worker] INFO  c.e.task24.Task24ApplicationTests
                Ц Started Task24ApplicationTests in 6.787 seconds (process running for 10.905)
8292 [SpringApplicationShutdownHook] INFO  o.s.o.j.LocalContainerEntityManagerFactoryBean
                Ц Closing JPA EntityManagerFactory for persistence unit 'default'
8295 [SpringApplicationShutdownHook] INFO  com.zaxxer.hikari.HikariDataSource
                Ц HikariPool-1 - Shutdown initiated...
8302 [SpringApplicationShutdownHook] INFO  com.zaxxer.hikari.HikariDataSource
                Ц HikariPool-1 - Shutdown completed.
526  [Test worker] INFO  o.s.t.c.s.AnnotationConfigContextLoaderUtils
                Ц Could not detect default configuration classes for test class [com.example.task24.Task24ApplicationTests]: Task24ApplicationTests does not declare any static, non-private, non-final, nested classes annotated with @Configuration.
658  [Test worker] INFO  o.s.b.t.c.SpringBootTestContextBootstrapper
                Ц Found @SpringBootConfiguration com.example.task24.Application for test class com.example.task24.Task24ApplicationTests
869  [Test worker] INFO  o.s.b.d.r.RestartApplicationListener
                Ц Restart disabled due to context in which it is running
1177 [Test worker] INFO  c.e.task24.Task24ApplicationTests
                Ц Starting Task24ApplicationTests using Java 20.0.2 with PID 15348 (started by  ирилл in C:\Users\ ирилл\Desktop\javaV2\task24)
1179 [Test worker] INFO  c.e.task24.Task24ApplicationTests
                Ц No active profile set, falling back to 1 default profile: "default"
2279 [Test worker] INFO  o.s.d.r.c.RepositoryConfigurationDelegate
                Ц Bootstrapping Spring Data JPA repositories in DEFAULT mode.
2354 [Test worker] INFO  o.s.d.r.c.RepositoryConfigurationDelegate
                Ц Finished Spring Data repository scanning in 62 ms. Found 3 JPA repository interfaces.
3303 [Test worker] INFO  com.zaxxer.hikari.HikariDataSource
                Ц HikariPool-1 - Starting...
3604 [Test worker] INFO  com.zaxxer.hikari.pool.HikariPool
                Ц HikariPool-1 - Added connection org.postgresql.jdbc.PgConnection@600bbf9e
3607 [Test worker] INFO  com.zaxxer.hikari.HikariDataSource
                Ц HikariPool-1 - Start completed.
3696 [Test worker] INFO  o.h.jpa.internal.util.LogHelper
                Ц HHH000204: Processing PersistenceUnitInfo [name: default]
3871 [Test worker] INFO  org.hibernate.Version
                Ц HHH000412: Hibernate ORM core version 6.5.2.Final
3990 [Test worker] INFO  o.h.c.i.RegionFactoryInitiator
                Ц HHH000026: Second-level cache disabled
4733 [Test worker] INFO  o.s.o.j.p.SpringPersistenceUnitInfo
                Ц No LoadTimeWeaver setup: ignoring JPA class transformer
5984 [Test worker] INFO  o.h.e.t.j.p.i.JtaPlatformInitiator
                Ц HHH000489: No JTA platform available (set 'hibernate.transaction.jta.platform' to enable JTA platform integration)
6032 [Test worker] INFO  o.s.o.j.LocalContainerEntityManagerFactoryBean
                Ц Initialized JPA EntityManagerFactory for persistence unit 'default'
6611 [Test worker] WARN  o.s.b.a.o.j.JpaBaseConfiguration$JpaWebConfiguration
                Ц spring.jpa.open-in-view is enabled by default. Therefore, database queries may be performed during view rendering. Explicitly configure spring.jpa.open-in-view to disable this warning
6660 [Test worker] INFO  o.s.s.c.a.a.c.InitializeAuthenticationProviderBeanManagerConfigurer$InitializeAuthenticationProviderManagerConfigurer
                Ц Global AuthenticationManager configured with AuthenticationProvider bean with name authenticationProvider
6662 [Test worker] WARN  o.s.s.c.a.a.c.InitializeUserDetailsBeanManagerConfigurer$InitializeUserDetailsManagerConfigurer
                Ц Global AuthenticationManager configured with an AuthenticationProvider bean. UserDetailsService beans will not be used for username/password login. Consider removing the AuthenticationProvider bean. Alternatively, consider using the UserDetailsService in a manually instantiated DaoAuthenticationProvider.
6771 [Test worker] INFO  o.s.b.a.w.s.WelcomePageHandlerMapping
                Ц Adding welcome page template: index
7099 [Test worker] INFO  o.s.s.w.DefaultSecurityFilterChain
                Ц Will secure any request with [org.springframework.security.web.session.DisableEncodeUrlFilter@16bbb59c, org.springframework.security.web.context.request.async.WebAsyncManagerIntegrationFilter@538fb761, org.springframework.security.web.context.SecurityContextHolderFilter@24b05292, org.springframework.security.web.header.HeaderWriterFilter@78fd1179, org.springframework.web.filter.CorsFilter@163cd4a6, org.springframework.security.web.authentication.logout.LogoutFilter@60515ab1, org.springframework.security.web.authentication.UsernamePasswordAuthenticationFilter@1b4bc7b9, org.springframework.security.web.authentication.ui.DefaultLoginPageGeneratingFilter@738ed8d3, org.springframework.security.web.authentication.ui.DefaultLogoutPageGeneratingFilter@1d0f03f6, org.springframework.security.web.savedrequest.RequestCacheAwareFilter@515a2afd, org.springframework.security.web.servletapi.SecurityContextHolderAwareRequestFilter@6e200307, org.springframework.security.web.authentication.AnonymousAuthenticationFilter@5653429e, org.springframework.security.web.access.ExceptionTranslationFilter@3b863b4, org.springframework.security.web.access.intercept.AuthorizationFilter@1cbb394b]
7690 [Test worker] INFO  c.e.task24.Task24ApplicationTests
                Ц Started Task24ApplicationTests in 6.835 seconds (process running for 8.837)
8351 [SpringApplicationShutdownHook] INFO  o.s.o.j.LocalContainerEntityManagerFactoryBean
                Ц Closing JPA EntityManagerFactory for persistence unit 'default'
8353 [SpringApplicationShutdownHook] INFO  com.zaxxer.hikari.HikariDataSource
                Ц HikariPool-1 - Shutdown initiated...
8359 [SpringApplicationShutdownHook] INFO  com.zaxxer.hikari.HikariDataSource
                Ц HikariPool-1 - Shutdown completed.
