2464 [restartedMain] INFO  com.example.task21.Application
                Ц Starting Application using Java 17.0.10 with PID 4108 (C:\Users\ ирилл\Desktop\javaV2\task21\build\classes\java\main started by  ирилл in C:\Users\ ирилл\Desktop\javaV2\task21)
2470 [restartedMain] INFO  com.example.task21.Application
                Ц No active profile set, falling back to 1 default profile: "default"
2598 [restartedMain] INFO  o.s.b.d.e.DevToolsPropertyDefaultsPostProcessor
                Ц Devtools property defaults active! Set 'spring.devtools.add-properties' to 'false' to disable
2598 [restartedMain] INFO  o.s.b.d.e.DevToolsPropertyDefaultsPostProcessor
                Ц For additional web related logging consider setting the 'logging.level.web' property to 'DEBUG'
3958 [restartedMain] INFO  o.s.d.r.c.RepositoryConfigurationDelegate
                Ц Bootstrapping Spring Data JPA repositories in DEFAULT mode.
4082 [restartedMain] INFO  o.s.d.r.c.RepositoryConfigurationDelegate
                Ц Finished Spring Data repository scanning in 99 ms. Found 2 JPA repository interfaces.
6174 [restartedMain] INFO  o.s.b.w.e.tomcat.TomcatWebServer
                Ц Tomcat initialized with port 8080 (http)
6215 [restartedMain] INFO  o.a.coyote.http11.Http11NioProtocol
                Ц Initializing ProtocolHandler ["http-nio-8080"]
6225 [restartedMain] INFO  o.a.catalina.core.StandardService
                Ц Starting service [Tomcat]
6226 [restartedMain] INFO  o.a.catalina.core.StandardEngine
                Ц Starting Servlet engine: [Apache Tomcat/10.1.19]
6368 [restartedMain] INFO  o.a.c.c.C.[Tomcat].[localhost].[/]
                Ц Initializing Spring embedded WebApplicationContext
6369 [restartedMain] INFO  o.s.b.w.s.c.ServletWebServerApplicationContext
                Ц Root WebApplicationContext: initialization completed in 3770 ms
6701 [restartedMain] INFO  com.zaxxer.hikari.HikariDataSource
                Ц HikariPool-1 - Starting...
7175 [restartedMain] INFO  com.zaxxer.hikari.pool.HikariPool
                Ц HikariPool-1 - Added connection org.postgresql.jdbc.PgConnection@2789caeb
7180 [restartedMain] INFO  com.zaxxer.hikari.HikariDataSource
                Ц HikariPool-1 - Start completed.
7294 [restartedMain] INFO  o.h.jpa.internal.util.LogHelper
                Ц HHH000204: Processing PersistenceUnitInfo [name: default]
7450 [restartedMain] INFO  org.hibernate.Version
                Ц HHH000412: Hibernate ORM core version 6.4.4.Final
7567 [restartedMain] INFO  o.h.c.i.RegionFactoryInitiator
                Ц HHH000026: Second-level cache disabled
8207 [restartedMain] INFO  o.s.o.j.p.SpringPersistenceUnitInfo
                Ц No LoadTimeWeaver setup: ignoring JPA class transformer
10584 [restartedMain] INFO  o.h.e.t.j.p.i.JtaPlatformInitiator
                Ц HHH000489: No JTA platform available (set 'hibernate.transaction.jta.platform' to enable JTA platform integration)
10669 [restartedMain] INFO  o.s.o.j.LocalContainerEntityManagerFactoryBean
                Ц Initialized JPA EntityManagerFactory for persistence unit 'default'
11621 [restartedMain] WARN  o.s.b.a.o.j.JpaBaseConfiguration$JpaWebConfiguration
                Ц spring.jpa.open-in-view is enabled by default. Therefore, database queries may be performed during view rendering. Explicitly configure spring.jpa.open-in-view to disable this warning
11674 [restartedMain] INFO  o.s.b.a.w.s.WelcomePageHandlerMapping
                Ц Adding welcome page template: index
12426 [restartedMain] INFO  o.s.b.d.a.OptionalLiveReloadServer
                Ц LiveReload server is running on port 35729
12457 [restartedMain] INFO  o.a.coyote.http11.Http11NioProtocol
                Ц Starting ProtocolHandler ["http-nio-8080"]
12496 [restartedMain] INFO  o.s.b.w.e.tomcat.TomcatWebServer
                Ц Tomcat started on port 8080 (http) with context path ''
12516 [restartedMain] INFO  com.example.task21.Application
                Ц Started Application in 10.88 seconds (process running for 13.129)
23743 [http-nio-8080-exec-1] INFO  o.a.c.c.C.[Tomcat].[localhost].[/]
                Ц Initializing Spring DispatcherServlet 'dispatcherServlet'
23744 [http-nio-8080-exec-1] INFO  o.s.web.servlet.DispatcherServlet
                Ц Initializing Servlet 'dispatcherServlet'
23753 [http-nio-8080-exec-1] INFO  o.s.web.servlet.DispatcherServlet
                Ц Completed initialization in 7 ms
24563 [http-nio-8080-exec-1] INFO  c.e.task21.services.EmailService
                Ц Start sending of email
26591 [http-nio-8080-exec-1] INFO  c.e.task21.services.EmailService
                Ц Mail sent
26640 [http-nio-8080-exec-1] INFO  c.e.task21.services.ItemService
                Ц Item created
